<?xml version="1.0" encoding="UTF-8"?>
<!-- Generated by org.testng.reporters.JUnitReportReporter -->
<testsuite hostname="nagendra-ThinkPad-X220" name="com.gmai.test.GmailTest" tests="1" failures="0" timestamp="29 Jun 2018 05:14:34 GMT" time="33.487" errors="0">
  <testcase name="gmailTest" time="33.487" classname="com.gmai.test.GmailTest"/>
</testsuite> <!-- com.gmai.test.GmailTest -->
